<?xml version="1.0" encoding="UTF-8"?>
<!-- Generated by org.testng.reporters.JUnitReportReporter -->
<testsuite hostname="SDGL122dd0e90.local" name="com.citrix.test.CitrixText" tests="1" failures="0" timestamp="14 Nov 2015 23:47:51 GMT" time="80.395" errors="0">
  <testcase name="testCreateWebinar" time="80.395" classname="com.citrix.test.CitrixText"/>
</testsuite> <!-- com.citrix.test.CitrixText -->
